------------------------------------------------------------------------------
                           GCC Code Coverage Report
Directory: .
------------------------------------------------------------------------------
File                                       Lines    Exec  Cover   Missing
------------------------------------------------------------------------------
------------------------------------------------------------------------------
TOTAL                                          0       0    --%
------------------------------------------------------------------------------
lines: 0.0% (0 out of 0)
functions: 0.0% (0 out of 0)
branches: 0.0% (0 out of 0)
